#
# There is insufficient memory for the Java Runtime Environment to continue.
# Native memory allocation (mmap) failed to map 132120576 bytes. Error detail: G1 virtual space
# Possible reasons:
#   The system is out of physical RAM or swap space
#   This process is running with CompressedOops enabled, and the Java Heap may be blocking the growth of the native heap
# Possible solutions:
#   Reduce memory load on the system
#   Increase physical memory or swap space
#   Check if swap backing store is full
#   Decrease Java heap size (-Xmx/-Xms)
#   Decrease number of Java threads
#   Decrease Java thread stack sizes (-Xss)
#   Set larger code cache with -XX:ReservedCodeCacheSize=
#   JVM is running with Unscaled Compressed Oops mode in which the Java heap is
#     placed in the first 4GB address space. The Java Heap base address is the
#     maximum limit for the native heap growth. Please use -XX:HeapBaseMinAddress
#     to set the Java Heap base and to place the Java Heap above 4GB virtual address.
# This output file may be truncated or incomplete.
#
#  Out of Memory Error (os_windows.cpp:3815), pid=7288, tid=10432
#
# JRE version:  (21.0.3+13) (build )
# Java VM: OpenJDK 64-Bit Server VM (21.0.3+13-b509.4, mixed mode, sharing, tiered, compressed oops, compressed class ptrs, g1 gc, windows-amd64)
# No core dump will be written. Minidumps are not enabled by default on client versions of Windows
#

---------------  S U M M A R Y ------------

Command Line: git4idea.http.GitAskPassApp Username for 'https://github.com': 

Host: Intel(R) Core(TM) i7-6600U CPU @ 2.60GHz, 4 cores, 7G,  Windows 11 , 64 bit Build 22621 (10.0.22621.3958)
Time: Thu Sep  5 17:27:00 2024 Hora estándar de Argentina elapsed time: 0.023969 seconds (0d 0h 0m 0s)

---------------  T H R E A D  ---------------

Current thread (0x000001ac7815dc40):  JavaThread "Unknown thread" [_thread_in_vm, id=10432, stack(0x0000005282800000,0x0000005282900000) (1024K)]

Stack: [0x0000005282800000,0x0000005282900000]
Native frames: (J=compiled Java code, j=interpreted, Vv=VM code, C=native code)
V  [jvm.dll+0x6e02e9]
V  [jvm.dll+0x8bd373]
V  [jvm.dll+0x8bf8ce]
V  [jvm.dll+0x8bffb3]
V  [jvm.dll+0x2879b6]
V  [jvm.dll+0x6dcab5]
V  [jvm.dll+0x6d0f8a]
V  [jvm.dll+0x35f9ab]
V  [jvm.dll+0x367556]
V  [jvm.dll+0x3b8b46]
V  [jvm.dll+0x3b8e18]
V  [jvm.dll+0x33216c]
V  [jvm.dll+0x332e5b]
V  [jvm.dll+0x8845d9]
V  [jvm.dll+0x3c5f28]
V  [jvm.dll+0x86d7fd]
V  [jvm.dll+0x45ab8e]
V  [jvm.dll+0x45c761]
C  [jli.dll+0x52ab]
C  [ucrtbase.dll+0x29333]
C  [KERNEL32.DLL+0x1257d]
C  [ntdll.dll+0x5af28]


---------------  P R O C E S S  ---------------

Threads class SMR info:
_java_thread_list=0x00007ffb41e4d108, length=0, elements={
}

Java Threads: ( => current thread )
Total: 0

Other Threads:
  0x000001ac7a3fb420 WorkerThread "GC Thread#0"                     [id=12060, stack(0x0000005282900000,0x0000005282a00000) (1024K)]
  0x000001ac7a40c130 ConcurrentGCThread "G1 Main Marker"            [id=11368, stack(0x0000005282a00000,0x0000005282b00000) (1024K)]
  0x000001ac7a40cc30 WorkerThread "G1 Conc#0"                       [id=8252, stack(0x0000005282b00000,0x0000005282c00000) (1024K)]

[error occurred during error reporting (printing all threads), id 0xc0000005, EXCEPTION_ACCESS_VIOLATION (0xc0000005) at pc=0x00007ffb415452c7]
VM state: not at safepoint (not fully initialized)

VM Mutex/Monitor currently owned by a thread:  ([mutex/lock_event])
[0x00007ffb41ec1858] Heap_lock - owner thread: 0x000001ac7815dc40

Heap address: 0x0000000082400000, size: 2012 MB, Compressed Oops mode: 32-bit

CDS archive(s) mapped at: [0x0000000000000000-0x0000000000000000-0x0000000000000000), size 0, SharedBaseAddress: 0x0000000800000000, ArchiveRelocationMode: 1.
Narrow klass base: 0x0000000000000000, Narrow klass shift: 0, Narrow klass range: 0x0

GC Precious Log:
 CardTable entry size: 512
 Card Set container configuration: InlinePtr #cards 5 size 8 Array Of Cards #cards 12 size 40 Howl #buckets 4 coarsen threshold 1843 Howl Bitmap #cards 512 size 80 coarsen threshold 460 Card regions per heap region 1 cards per card region 2048

Heap:
 garbage-first heap   total 0K, used 0K [0x0000000082400000, 0x0000000100000000)
  region size 1024K, 0 young (0K), 0 survivors (0K)
 Metaspace       used 0K, committed 0K, reserved 0K
  class space    used 0K, committed 0K, reserved 0K

Heap Regions: E=young(eden), S=young(survivor), O=old, HS=humongous(starts), HC=humongous(continues), CS=collection set, F=free, TAMS=top-at-mark-start, PB=parsable bottom

Card table byte_map: [0x000001ac7e6b0000,0x000001ac7eaa0000] _byte_map_base: 0x000001ac7e29e000

Marking Bits: (CMBitMap*) 0x000001ac7a3fbb20
 Bits: [0x000001ac0f000000, 0x000001ac10f70000)

GC Heap History (0 events):
No events

Dll operation events (1 events):
Event: 0.016 Loaded shared library C:\Program Files\JetBrains\IntelliJ IDEA 2024.2\jbr\bin\java.dll

Deoptimization events (0 events):
No events

Classes loaded (0 events):
No events

Classes unloaded (0 events):
No events

Classes redefined (0 events):
No events

Internal exceptions (0 events):
No events

ZGC Phase Switch (0 events):
No events

VM Operations (0 events):
No events

Events (0 events):
No events


Dynamic libraries:
0x00007ff7adfb0000 - 0x00007ff7adfba000 	C:\Program Files\JetBrains\IntelliJ IDEA 2024.2\jbr\bin\java.exe
0x00007ffb8e3f0000 - 0x00007ffb8e607000 	C:\Windows\SYSTEM32\ntdll.dll
0x00007ffb8d400000 - 0x00007ffb8d4c4000 	C:\Windows\System32\KERNEL32.DLL
0x00007ffb8b7c0000 - 0x00007ffb8bb6d000 	C:\Windows\System32\KERNELBASE.dll
0x00007ffb8bcb0000 - 0x00007ffb8bdc1000 	C:\Windows\System32\ucrtbase.dll
0x00007ffb81290000 - 0x00007ffb812ab000 	C:\Program Files\JetBrains\IntelliJ IDEA 2024.2\jbr\bin\VCRUNTIME140.dll
0x00007ffb6e2f0000 - 0x00007ffb6e308000 	C:\Program Files\JetBrains\IntelliJ IDEA 2024.2\jbr\bin\jli.dll
0x00007ffb8c340000 - 0x00007ffb8c4ee000 	C:\Windows\System32\USER32.dll
0x00007ffb8b790000 - 0x00007ffb8b7b6000 	C:\Windows\System32\win32u.dll
0x00007ffb6e6f0000 - 0x00007ffb6e983000 	C:\Windows\WinSxS\amd64_microsoft.windows.common-controls_6595b64144ccf1df_6.0.22621.3672_none_2713b9d173822955\COMCTL32.dll
0x00007ffb8dcf0000 - 0x00007ffb8dd19000 	C:\Windows\System32\GDI32.dll
0x00007ffb8bdd0000 - 0x00007ffb8bee9000 	C:\Windows\System32\gdi32full.dll
0x00007ffb8dc30000 - 0x00007ffb8dcd7000 	C:\Windows\System32\msvcrt.dll
0x00007ffb8bbe0000 - 0x00007ffb8bc7a000 	C:\Windows\System32\msvcp_win.dll
0x00007ffb8e1f0000 - 0x00007ffb8e221000 	C:\Windows\System32\IMM32.DLL
0x00007ffb81c90000 - 0x00007ffb81c9c000 	C:\Program Files\JetBrains\IntelliJ IDEA 2024.2\jbr\bin\vcruntime140_1.dll
0x00007ffb607e0000 - 0x00007ffb6086d000 	C:\Program Files\JetBrains\IntelliJ IDEA 2024.2\jbr\bin\msvcp140.dll
0x00007ffb41200000 - 0x00007ffb41fb2000 	C:\Program Files\JetBrains\IntelliJ IDEA 2024.2\jbr\bin\server\jvm.dll
0x00007ffb8dd20000 - 0x00007ffb8ddd2000 	C:\Windows\System32\ADVAPI32.dll
0x00007ffb8dde0000 - 0x00007ffb8de89000 	C:\Windows\System32\sechost.dll
0x00007ffb8bc80000 - 0x00007ffb8bca8000 	C:\Windows\System32\bcrypt.dll
0x00007ffb8c220000 - 0x00007ffb8c334000 	C:\Windows\System32\RPCRT4.dll
0x00007ffb8d710000 - 0x00007ffb8d781000 	C:\Windows\System32\WS2_32.dll
0x00007ffb8b420000 - 0x00007ffb8b46d000 	C:\Windows\SYSTEM32\POWRPROF.dll
0x00007ffb85fd0000 - 0x00007ffb85fda000 	C:\Windows\SYSTEM32\VERSION.dll
0x00007ffb858a0000 - 0x00007ffb858d4000 	C:\Windows\SYSTEM32\WINMM.dll
0x00007ffb8b400000 - 0x00007ffb8b413000 	C:\Windows\SYSTEM32\UMPDC.dll
0x00007ffb8a740000 - 0x00007ffb8a758000 	C:\Windows\SYSTEM32\kernel.appcore.dll
0x00007ffb80fe0000 - 0x00007ffb80fea000 	C:\Program Files\JetBrains\IntelliJ IDEA 2024.2\jbr\bin\jimage.dll
0x00007ffb5b770000 - 0x00007ffb5b9a2000 	C:\Windows\SYSTEM32\DBGHELP.DLL
0x00007ffb8ce90000 - 0x00007ffb8d21d000 	C:\Windows\System32\combase.dll
0x00007ffb8e060000 - 0x00007ffb8e137000 	C:\Windows\System32\OLEAUT32.dll
0x00007ffb7a240000 - 0x00007ffb7a272000 	C:\Windows\SYSTEM32\dbgcore.DLL
0x00007ffb8b710000 - 0x00007ffb8b78b000 	C:\Windows\System32\bcryptPrimitives.dll
0x00007ffb7d010000 - 0x00007ffb7d02f000 	C:\Program Files\JetBrains\IntelliJ IDEA 2024.2\jbr\bin\java.dll

dbghelp: loaded successfully - version: 4.0.5 - missing functions: none
symbol engine: initialized successfully - sym options: 0x614 - pdb path: .;C:\Program Files\JetBrains\IntelliJ IDEA 2024.2\jbr\bin;C:\Windows\SYSTEM32;C:\Windows\WinSxS\amd64_microsoft.windows.common-controls_6595b64144ccf1df_6.0.22621.3672_none_2713b9d173822955;C:\Program Files\JetBrains\IntelliJ IDEA 2024.2\jbr\bin\server

VM Arguments:
java_command: git4idea.http.GitAskPassApp Username for 'https://github.com': 
java_class_path (initial): C:/Program Files/JetBrains/IntelliJ IDEA 2024.2/plugins/vcs-git/lib/git4idea-rt.jar;C:/Program Files/JetBrains/IntelliJ IDEA 2024.2/lib/externalProcess-rt.jar
Launcher Type: SUN_STANDARD

[Global flags]
     intx CICompilerCount                          = 3                                         {product} {ergonomic}
     uint ConcGCThreads                            = 1                                         {product} {ergonomic}
     uint G1ConcRefinementThreads                  = 4                                         {product} {ergonomic}
   size_t G1HeapRegionSize                         = 1048576                                   {product} {ergonomic}
    uintx GCDrainStackTargetSize                   = 64                                        {product} {ergonomic}
   size_t InitialHeapSize                          = 132120576                                 {product} {ergonomic}
   size_t MarkStackSize                            = 4194304                                   {product} {ergonomic}
   size_t MaxHeapSize                              = 2109734912                                {product} {ergonomic}
   size_t MinHeapDeltaBytes                        = 1048576                                   {product} {ergonomic}
   size_t MinHeapSize                              = 8388608                                   {product} {ergonomic}
    uintx NonNMethodCodeHeapSize                   = 5832780                                {pd product} {ergonomic}
    uintx NonProfiledCodeHeapSize                  = 122912730                              {pd product} {ergonomic}
    uintx ProfiledCodeHeapSize                     = 122912730                              {pd product} {ergonomic}
    uintx ReservedCodeCacheSize                    = 251658240                              {pd product} {ergonomic}
     bool SegmentedCodeCache                       = true                                      {product} {ergonomic}
   size_t SoftMaxHeapSize                          = 2109734912                             {manageable} {ergonomic}
     bool UseCompressedOops                        = true                           {product lp64_product} {ergonomic}
     bool UseG1GC                                  = true                                      {product} {ergonomic}
     bool UseLargePagesIndividualAllocation        = false                                  {pd product} {ergonomic}

Logging:
Log output configuration:
 #0: stdout all=warning uptime,level,tags foldmultilines=false
 #1: stderr all=off uptime,level,tags foldmultilines=false

Environment Variables:
PATH=C:/Program Files/Git/mingw64/libexec/git-core;C:/Program Files/Git/mingw64/libexec/git-core;C:\Program Files\Git\mingw64\bin;C:\Program Files\Git\usr\bin;C:\Users\Lucas\bin;C:\Program Files\Common Files\Oracle\Java\javapath;C:\Program Files (x86)\Common Files\Oracle\Java\java8path;C:\Program Files (x86)\Common Files\Oracle\Java\javapath;C:\Windows\system32;C:\Windows;C:\Windows\System32\Wbem;C:\Windows\System32\WindowsPowerShell\v1.0\;C:\Windows\System32\OpenSSH\;C:\Program Files\Git\cmd;C:\Users\Lucas\AppData\Local\Microsoft\WindowsApps;C:\ProgramData\Lucas\GitHubDesktop\bin
USERNAME=Lucas
DISPLAY=:0.0
LC_ALL=en_US.UTF-8
TERM=xterm-256color
TMPDIR=C:\Users\Lucas\AppData\Local\Temp
OS=Windows_NT
PROCESSOR_IDENTIFIER=Intel64 Family 6 Model 78 Stepping 3, GenuineIntel
TMP=C:\Users\Lucas\AppData\Local\Temp
TEMP=C:\Users\Lucas\AppData\Local\Temp




Periodic native trim disabled

JNI global refs:
JNI global refs: 0, weak refs: 0

JNI global refs memory usage: 0, weak refs: 0

Process memory usage:
Resident Set Size: 11456K (0% of 8240780K total physical memory with 355696K free physical memory)

OOME stack traces (most recent first):
Classloader memory used:

---------------  S Y S T E M  ---------------

OS:
 Windows 11 , 64 bit Build 22621 (10.0.22621.3958)
OS uptime: 8 days 21:48 hours

CPU: total 4 (initial active 4) (2 cores per cpu, 2 threads per core) family 6 model 78 stepping 3 microcode 0xf0, cx8, cmov, fxsr, ht, mmx, 3dnowpref, sse, sse2, sse3, ssse3, sse4.1, sse4.2, popcnt, lzcnt, tsc, tscinvbit, avx, avx2, aes, erms, clmul, bmi1, bmi2, rtm, adx, fma, vzeroupper, clflush, clflushopt, rdtscp, f16c
Processor Information for all 4 processors :
  Max Mhz: 2808, Current Mhz: 2607, Mhz Limit: 2583

Memory: 4k page, system-wide physical 8047M (347M free)
TotalPageFile size 9071M (AvailPageFile size 71M)
current process WorkingSet (physical memory assigned to process): 11M, peak: 11M
current process commit charge ("private bytes"): 52M, peak: 177M

vm_info: OpenJDK 64-Bit Server VM (21.0.3+13-b509.4) for windows-amd64 JRE (21.0.3+13-b509.4), built on 2024-06-26 by "builduser" with MS VC++ 16.10 / 16.11 (VS2019)

END.
